<?xml version="1.0" encoding="UTF-8"?>
<robot generator="Rebot 7.2.2 (Python 3.9.21 on linux)" generated="2025-03-26T20:20:10.142232" rpa="false" schemaversion="5">
<suite id="s1" name="Tests" source="/home/runner/work/test-workflow/test-workflow/webapp_tests/tests">
<suite id="s1-s1" name="New" source="/home/runner/work/test-workflow/test-workflow/webapp_tests/tests/new.robot">
<test id="s1-s1-t1" name="Test Case 1 - Passing Test" line="6">
<kw name="Sleep" owner="BuiltIn">
<msg time="2025-03-26T20:19:51.101530" level="INFO">Slept 3 seconds.</msg>
<arg>3</arg>
<doc>Pauses the test executed for the given time.</doc>
<status status="PASS" start="2025-03-26T20:19:48.101091" elapsed="3.000658"/>
</kw>
<doc>This test should pass.</doc>
<status status="PASS" start="2025-03-26T20:19:48.100017" elapsed="3.001993"/>
</test>
<status status="PASS" start="2025-03-26T20:19:48.082088" elapsed="3.020493"/>
</suite>
<status status="PASS" start="2025-03-26T20:19:48.061613" elapsed="3.041551"/>
</suite>
<statistics>
<total>
<stat pass="1" fail="0" skip="0">All Tests</stat>
</total>
<tag>
</tag>
<suite>
<stat name="Tests" id="s1" pass="1" fail="0" skip="0">Tests</stat>
<stat name="New" id="s1-s1" pass="1" fail="0" skip="0">Tests.New</stat>
</suite>
</statistics>
<errors>
</errors>
</robot>
