<?xml version="1.0" encoding="UTF-8"?>
<robot generator="Rebot 7.2.2 (Python 3.9.21 on linux)" generated="2025-03-20T08:23:17.707810" rpa="false" schemaversion="5">
<suite id="s1" name="Tests" source="/home/runner/work/test-workflow/test-workflow/webapp_tests/tests">
<suite id="s1-s1" name="New" source="/home/runner/work/test-workflow/test-workflow/webapp_tests/tests/new.robot">
<test id="s1-s1-t1" name="Test Case 1 - Passing Test" line="6">
<kw name="Sleep" owner="BuiltIn">
<msg time="2025-03-20T08:22:58.144620" level="INFO">Slept 3 seconds.</msg>
<arg>3</arg>
<doc>Pauses the test executed for the given time.</doc>
<status status="PASS" start="2025-03-20T08:22:55.144285" elapsed="3.000530"/>
</kw>
<doc>This test should pass.</doc>
<status status="PASS" start="2025-03-20T08:22:55.143397" elapsed="3.001686"/>
</test>
<status status="PASS" start="2025-03-20T08:22:55.127238" elapsed="3.018616"/>
</suite>
<suite id="s1-s2" name="Test" source="/home/runner/work/test-workflow/test-workflow/webapp_tests/tests/test.robot">
<test id="s1-s2-t1" name="Test Case 4 - Conditional Test" line="18">
<kw name="Set Variable" owner="BuiltIn">
<msg time="2025-03-20T08:22:58.150182" level="INFO">${value} = 10</msg>
<var>${value}</var>
<arg>10</arg>
<doc>Returns the given values which can then be assigned to a variables.</doc>
<status status="PASS" start="2025-03-20T08:22:58.149932" elapsed="0.000323"/>
</kw>
<kw name="Run Keyword If" owner="BuiltIn">
<kw name="Log" owner="BuiltIn">
<msg time="2025-03-20T08:22:58.151048" level="INFO">✅ Condition Met</msg>
<arg>✅ Condition Met</arg>
<doc>Logs the given message with the given level.</doc>
<status status="PASS" start="2025-03-20T08:22:58.150872" elapsed="0.000267"/>
</kw>
<arg>${value} == 10</arg>
<arg>Log</arg>
<arg>✅ Condition Met</arg>
<doc>Runs the given keyword with the given arguments, if ``condition`` is true.</doc>
<status status="PASS" start="2025-03-20T08:22:58.150456" elapsed="0.000807"/>
</kw>
<kw name="Run Keyword If" owner="BuiltIn">
<arg>${value} != 10</arg>
<arg>Fail</arg>
<arg>❌ Condition Failed</arg>
<doc>Runs the given keyword with the given arguments, if ``condition`` is true.</doc>
<status status="PASS" start="2025-03-20T08:22:58.151469" elapsed="0.000242"/>
</kw>
<doc>Test with IF condition.</doc>
<status status="PASS" start="2025-03-20T08:22:58.149352" elapsed="0.002555"/>
</test>
<status status="PASS" start="2025-03-20T08:22:58.146574" elapsed="0.005767"/>
</suite>
<status status="PASS" start="2025-03-20T08:22:55.108265" elapsed="3.044864"/>
</suite>
<statistics>
<total>
<stat pass="2" fail="0" skip="0">All Tests</stat>
</total>
<tag>
</tag>
<suite>
<stat name="Tests" id="s1" pass="2" fail="0" skip="0">Tests</stat>
<stat name="New" id="s1-s1" pass="1" fail="0" skip="0">Tests.New</stat>
<stat name="Test" id="s1-s2" pass="1" fail="0" skip="0">Tests.Test</stat>
</suite>
</statistics>
<errors>
</errors>
</robot>
