<?xml version="1.0" encoding="UTF-8"?>
<robot generator="Rebot 7.2.2 (Python 3.9.21 on linux)" generated="2025-03-20T09:27:40.016282" rpa="false" schemaversion="5">
<suite id="s1" name="Tests" source="/home/runner/work/test-workflow/test-workflow/webapp_tests/tests">
<suite id="s1-s1" name="New" source="/home/runner/work/test-workflow/test-workflow/webapp_tests/tests/new.robot">
<test id="s1-s1-t1" name="Test Case 1 - Passing Test" line="6">
<kw name="Sleep" owner="BuiltIn">
<msg time="2025-03-20T09:27:23.810480" level="INFO">Slept 3 seconds.</msg>
<arg>3</arg>
<doc>Pauses the test executed for the given time.</doc>
<status status="PASS" start="2025-03-20T09:27:20.810145" elapsed="3.000541"/>
</kw>
<doc>This test should pass.</doc>
<status status="PASS" start="2025-03-20T09:27:20.809168" elapsed="3.001752"/>
</test>
<status status="PASS" start="2025-03-20T09:27:20.792294" elapsed="3.019216"/>
</suite>
<suite id="s1-s2" name="Test" source="/home/runner/work/test-workflow/test-workflow/webapp_tests/tests/test.robot">
<test id="s1-s2-t1" name="Test Case 4 - Conditional Test" line="18">
<kw name="Set Variable" owner="BuiltIn">
<msg time="2025-03-20T09:27:23.814498" level="INFO">${value} = 10</msg>
<var>${value}</var>
<arg>10</arg>
<doc>Returns the given values which can then be assigned to a variables.</doc>
<status status="PASS" start="2025-03-20T09:27:23.814330" elapsed="0.000198"/>
</kw>
<kw name="Run Keyword If" owner="BuiltIn">
<kw name="Log" owner="BuiltIn">
<msg time="2025-03-20T09:27:23.815054" level="INFO">✅ Condition Met</msg>
<arg>✅ Condition Met</arg>
<doc>Logs the given message with the given level.</doc>
<status status="PASS" start="2025-03-20T09:27:23.814939" elapsed="0.000166"/>
</kw>
<arg>${value} == 10</arg>
<arg>Log</arg>
<arg>✅ Condition Met</arg>
<doc>Runs the given keyword with the given arguments, if ``condition`` is true.</doc>
<status status="PASS" start="2025-03-20T09:27:23.814669" elapsed="0.000486"/>
</kw>
<kw name="Run Keyword If" owner="BuiltIn">
<arg>${value} != 10</arg>
<arg>Fail</arg>
<arg>❌ Condition Failed</arg>
<doc>Runs the given keyword with the given arguments, if ``condition`` is true.</doc>
<status status="PASS" start="2025-03-20T09:27:23.815270" elapsed="0.000154"/>
</kw>
<doc>Test with IF condition.</doc>
<status status="PASS" start="2025-03-20T09:27:23.813882" elapsed="0.001655"/>
</test>
<status status="PASS" start="2025-03-20T09:27:23.812006" elapsed="0.003877"/>
</suite>
<status status="PASS" start="2025-03-20T09:27:20.772840" elapsed="3.043596"/>
</suite>
<statistics>
<total>
<stat pass="2" fail="0" skip="0">All Tests</stat>
</total>
<tag>
</tag>
<suite>
<stat name="Tests" id="s1" pass="2" fail="0" skip="0">Tests</stat>
<stat name="New" id="s1-s1" pass="1" fail="0" skip="0">Tests.New</stat>
<stat name="Test" id="s1-s2" pass="1" fail="0" skip="0">Tests.Test</stat>
</suite>
</statistics>
<errors>
</errors>
</robot>
