<?xml version="1.0" encoding="UTF-8"?>
<robot generator="Rebot 7.2.2 (Python 3.9.21 on linux)" generated="2025-03-24T11:10:06.866442" rpa="false" schemaversion="5">
<suite id="s1" name="Tests" source="/home/runner/work/test-workflow/test-workflow/webapp_tests/tests">
<suite id="s1-s1" name="New" source="/home/runner/work/test-workflow/test-workflow/webapp_tests/tests/new.robot">
<test id="s1-s1-t1" name="Test Case 1 - Passing Test" line="6">
<kw name="Sleep" owner="BuiltIn">
<msg time="2025-03-24T11:09:51.139650" level="INFO">Slept 3 seconds.</msg>
<arg>3</arg>
<doc>Pauses the test executed for the given time.</doc>
<status status="PASS" start="2025-03-24T11:09:48.139203" elapsed="3.000647"/>
</kw>
<doc>This test should pass.</doc>
<status status="PASS" start="2025-03-24T11:09:48.138077" elapsed="3.002033"/>
</test>
<status status="PASS" start="2025-03-24T11:09:48.120040" elapsed="3.020668"/>
</suite>
<status status="PASS" start="2025-03-24T11:09:48.099861" elapsed="3.041403"/>
</suite>
<statistics>
<total>
<stat pass="1" fail="0" skip="0">All Tests</stat>
</total>
<tag>
</tag>
<suite>
<stat name="Tests" id="s1" pass="1" fail="0" skip="0">Tests</stat>
<stat name="New" id="s1-s1" pass="1" fail="0" skip="0">Tests.New</stat>
</suite>
</statistics>
<errors>
</errors>
</robot>
